gradleBuild/outputs/logs/manifest-merger-debug-report.txt
-- Merging decision tree log ---
manifest
ADDED from AndroidStudioProjects\android\AndroidManifest.xml:16:1-61:12
MERGED from [org.tensorflow:tensorflow-android:1.2.0-preview] AndroidManifest.xml:2:1-8:12
MERGED from [com.android.support:design:25.4.0] AndroidManifest.xml:17:1-31:12
MERGED from [com.android.support.constraint:constraint-layout:1.0.2] AndroidManifest.xml:2:1-11:12
MERGED from [com.android.support:appcompat-v7:25.4.0] AndroidManifest.xml:17:1-31:12
MERGED from [com.android.support:transition:25.4.0] AndroidManifest.xml:17:1-28:12
MERGED from [com.android.support:support-v4:25.4.0] AndroidManifest.xml:17:1-31:12
MERGED from [com.android.support:recyclerview-v7:25.4.0] AndroidManifest.xml:17:1-28:12
MERGED from [com.android.support:support-fragment:25.4.0] AndroidManifest.xml:17:1-31:12
MERGED from [com.android.support:support-media-compat:25.4.0] AndroidManifest.xml:17:1-31:12
MERGED from [com.android.support:support-core-utils:25.4.0] AndroidManifest.xml:17:1-31:12
MERGED from [com.android.support:animated-vector-drawable:25.4.0] AndroidManifest.xml:17:1-28:12
MERGED from [com.android.support:support-core-ui:25.4.0] AndroidManifest.xml:17:1-31:12
MERGED from [com.android.support:support-vector-drawable:25.4.0] AndroidManifest.xml:17:1-28:12
MERGED from [com.android.support:support-compat:25.4.0] AndroidManifest.xml:17:1-31:12
	package
		ADDED from AndroidStudioProjects\android\AndroidManifest.xml:17:5-34
	xmlns:android
		ADDED from AndroidStudioProjects\android\AndroidManifest.xml:16:11-69
uses-sdk
ADDED from AndroidStudioProjects\android\AndroidManifest.xml:19:5-21:41
MERGED from [com.android.support:design:25.4.0] AndroidManifest.xml:21:5-23:62
MERGED from [com.android.support:design:25.4.0] AndroidManifest.xml:21:5-23:62
MERGED from [com.android.support.constraint:constraint-layout:1.0.2] AndroidManifest.xml:5:5-7:41
MERGED from [com.android.support.constraint:constraint-layout:1.0.2] AndroidManifest.xml:5:5-7:41
MERGED from [com.android.support:appcompat-v7:25.4.0] AndroidManifest.xml:21:5-23:78
MERGED from [com.android.support:appcompat-v7:25.4.0] AndroidManifest.xml:21:5-23:78
MERGED from [com.android.support:transition:25.4.0] AndroidManifest.xml:20:5-44
MERGED from [com.android.support:transition:25.4.0] AndroidManifest.xml:20:5-44
MERGED from [com.android.support:support-v4:25.4.0] AndroidManifest.xml:21:5-23:54
MERGED from [com.android.support:support-v4:25.4.0] AndroidManifest.xml:21:5-23:54
MERGED from [com.android.support:recyclerview-v7:25.4.0] AndroidManifest.xml:20:5-43
MERGED from [com.android.support:recyclerview-v7:25.4.0] AndroidManifest.xml:20:5-43
MERGED from [com.android.support:support-fragment:25.4.0] AndroidManifest.xml:21:5-23:60
MERGED from [com.android.support:support-fragment:25.4.0] AndroidManifest.xml:21:5-23:60
MERGED from [com.android.support:support-media-compat:25.4.0] AndroidManifest.xml:21:5-23:63
MERGED from [com.android.support:support-media-compat:25.4.0] AndroidManifest.xml:21:5-23:63
MERGED from [com.android.support:support-core-utils:25.4.0] AndroidManifest.xml:21:5-23:61
MERGED from [com.android.support:support-core-utils:25.4.0] AndroidManifest.xml:21:5-23:61
MERGED from [com.android.support:animated-vector-drawable:25.4.0] AndroidManifest.xml:20:5-44
MERGED from [com.android.support:animated-vector-drawable:25.4.0] AndroidManifest.xml:20:5-44
MERGED from [com.android.support:support-core-ui:25.4.0] AndroidManifest.xml:21:5-23:58
MERGED from [com.android.support:support-core-ui:25.4.0] AndroidManifest.xml:21:5-23:58
MERGED from [com.android.support:support-vector-drawable:25.4.0] AndroidManifest.xml:20:5-43
MERGED from [com.android.support:support-vector-drawable:25.4.0] AndroidManifest.xml:20:5-43
MERGED from [com.android.support:support-compat:25.4.0] AndroidManifest.xml:21:5-23:58
MERGED from [com.android.support:support-compat:25.4.0] AndroidManifest.xml:21:5-23:58
	tools:overrideLibrary
		ADDED from [com.android.support:design:25.4.0] AndroidManifest.xml:23:9-59
	android:targetSdkVersion
		ADDED from AndroidStudioProjects\android\AndroidManifest.xml:21:9-38
	android:minSdkVersion
		ADDED from AndroidStudioProjects\android\AndroidManifest.xml:20:9-35
uses-permission#android.permission.CAMERA
ADDED from AndroidStudioProjects\android\AndroidManifest.xml:23:5-65
	android:name
		ADDED from AndroidStudioProjects\android\AndroidManifest.xml:23:22-62
uses-feature#android.hardware.camera
ADDED from AndroidStudioProjects\android\AndroidManifest.xml:25:5-60
	android:name
		ADDED from AndroidStudioProjects\android\AndroidManifest.xml:25:19-57
uses-feature#android.hardware.camera.autofocus
ADDED from AndroidStudioProjects\android\AndroidManifest.xml:26:5-70
	android:name
		ADDED from AndroidStudioProjects\android\AndroidManifest.xml:26:19-67
uses-permission#android.permission.WRITE_EXTERNAL_STORAGE
ADDED from AndroidStudioProjects\android\AndroidManifest.xml:28:5-81
	android:name
		ADDED from AndroidStudioProjects\android\AndroidManifest.xml:28:22-78
uses-permission#android.permission.ACCESS_WIFI_STATE
ADDED from AndroidStudioProjects\android\AndroidManifest.xml:29:5-76
	android:name
		ADDED from AndroidStudioProjects\android\AndroidManifest.xml:29:22-73
uses-permission#android.permission.CHANGE_WIFI_STATE
ADDED from AndroidStudioProjects\android\AndroidManifest.xml:30:5-76
	android:name
		ADDED from AndroidStudioProjects\android\AndroidManifest.xml:30:22-73
uses-permission#android.permission.CHANGE_NETWORK_STATE
ADDED from AndroidStudioProjects\android\AndroidManifest.xml:31:5-79
	android:name
		ADDED from AndroidStudioProjects\android\AndroidManifest.xml:31:22-76
uses-permission#android.permission.INTERNET
ADDED from AndroidStudioProjects\android\AndroidManifest.xml:32:5-67
	android:name
		ADDED from AndroidStudioProjects\android\AndroidManifest.xml:32:22-64
uses-permission#android.permission.ACCESS_NETWORK_STATE
ADDED from AndroidStudioProjects\android\AndroidManifest.xml:33:5-79
	android:name
		ADDED from AndroidStudioProjects\android\AndroidManifest.xml:33:22-76
uses-permission#android.permission.BLUETOOTH
ADDED from AndroidStudioProjects\android\AndroidManifest.xml:34:5-68
	android:name
		ADDED from AndroidStudioProjects\android\AndroidManifest.xml:34:22-65
uses-permission#android.permission.BLUETOOTH_ADMIN
ADDED from AndroidStudioProjects\android\AndroidManifest.xml:35:5-74
	android:name
		ADDED from AndroidStudioProjects\android\AndroidManifest.xml:35:22-71
uses-permission#android.permission.READ_PHONE_STATE
ADDED from AndroidStudioProjects\android\AndroidManifest.xml:36:5-75
	android:name
		ADDED from AndroidStudioProjects\android\AndroidManifest.xml:36:22-72
uses-permission#android.permission.READ_EXTERNAL_STORAGE
ADDED from AndroidStudioProjects\android\AndroidManifest.xml:37:5-80
	android:name
		ADDED from AndroidStudioProjects\android\AndroidManifest.xml:37:22-77
application
ADDED from AndroidStudioProjects\android\AndroidManifest.xml:39:5-59:19
MERGED from [org.tensorflow:tensorflow-android:1.2.0-preview] AndroidManifest.xml:5:5-6:19
MERGED from [org.tensorflow:tensorflow-android:1.2.0-preview] AndroidManifest.xml:5:5-6:19
MERGED from [com.android.support:design:25.4.0] AndroidManifest.xml:25:5-29:19
MERGED from [com.android.support:design:25.4.0] AndroidManifest.xml:25:5-29:19
MERGED from [com.android.support.constraint:constraint-layout:1.0.2] AndroidManifest.xml:9:5-20
MERGED from [com.android.support.constraint:constraint-layout:1.0.2] AndroidManifest.xml:9:5-20
MERGED from [com.android.support:appcompat-v7:25.4.0] AndroidManifest.xml:25:5-29:19
MERGED from [com.android.support:appcompat-v7:25.4.0] AndroidManifest.xml:25:5-29:19
MERGED from [com.android.support:transition:25.4.0] AndroidManifest.xml:22:5-26:19
MERGED from [com.android.support:transition:25.4.0] AndroidManifest.xml:22:5-26:19
MERGED from [com.android.support:support-v4:25.4.0] AndroidManifest.xml:25:5-29:19
MERGED from [com.android.support:support-v4:25.4.0] AndroidManifest.xml:25:5-29:19
MERGED from [com.android.support:recyclerview-v7:25.4.0] AndroidManifest.xml:22:5-26:19
MERGED from [com.android.support:recyclerview-v7:25.4.0] AndroidManifest.xml:22:5-26:19
MERGED from [com.android.support:support-fragment:25.4.0] AndroidManifest.xml:25:5-29:19
MERGED from [com.android.support:support-fragment:25.4.0] AndroidManifest.xml:25:5-29:19
MERGED from [com.android.support:support-media-compat:25.4.0] AndroidManifest.xml:25:5-29:19
MERGED from [com.android.support:support-media-compat:25.4.0] AndroidManifest.xml:25:5-29:19
MERGED from [com.android.support:support-core-utils:25.4.0] AndroidManifest.xml:25:5-29:19
MERGED from [com.android.support:support-core-utils:25.4.0] AndroidManifest.xml:25:5-29:19
MERGED from [com.android.support:animated-vector-drawable:25.4.0] AndroidManifest.xml:22:5-26:19
MERGED from [com.android.support:animated-vector-drawable:25.4.0] AndroidManifest.xml:22:5-26:19
MERGED from [com.android.support:support-core-ui:25.4.0] AndroidManifest.xml:25:5-29:19
MERGED from [com.android.support:support-core-ui:25.4.0] AndroidManifest.xml:25:5-29:19
MERGED from [com.android.support:support-vector-drawable:25.4.0] AndroidManifest.xml:22:5-26:19
MERGED from [com.android.support:support-vector-drawable:25.4.0] AndroidManifest.xml:22:5-26:19
MERGED from [com.android.support:support-compat:25.4.0] AndroidManifest.xml:25:5-29:19
MERGED from [com.android.support:support-compat:25.4.0] AndroidManifest.xml:25:5-29:19
	android:label
		ADDED from AndroidStudioProjects\android\AndroidManifest.xml:43:9-41
	android:debuggable
		ADDED from AndroidStudioProjects\android\AndroidManifest.xml:41:9-34
	android:icon
		ADDED from AndroidStudioProjects\android\AndroidManifest.xml:42:9-45
	android:allowBackup
		ADDED from AndroidStudioProjects\android\AndroidManifest.xml:40:9-35
	android:theme
		ADDED from AndroidStudioProjects\android\AndroidManifest.xml:44:9-45
activity#org.tensorflow.demo.ClassifierActivity
ADDED from AndroidStudioProjects\android\AndroidManifest.xml:45:9-48:61
	android:screenOrientation
		ADDED from AndroidStudioProjects\android\AndroidManifest.xml:48:13-49
	android:label
		ADDED from AndroidStudioProjects\android\AndroidManifest.xml:47:13-65
	android:name
		ADDED from AndroidStudioProjects\android\AndroidManifest.xml:46:13-47
activity#org.tensorflow.demo.MainActivity
ADDED from AndroidStudioProjects\android\AndroidManifest.xml:49:9-57:20
	android:label
		ADDED from AndroidStudioProjects\android\AndroidManifest.xml:51:13-56
	android:theme
		ADDED from AndroidStudioProjects\android\AndroidManifest.xml:52:13-57
	android:name
		ADDED from AndroidStudioProjects\android\AndroidManifest.xml:50:13-41
intent-filter#android.intent.action.MAIN+android.intent.category.LAUNCHER
ADDED from AndroidStudioProjects\android\AndroidManifest.xml:53:13-56:29
action#android.intent.action.MAIN
ADDED from AndroidStudioProjects\android\AndroidManifest.xml:54:13-65
	android:name
		ADDED from AndroidStudioProjects\android\AndroidManifest.xml:54:21-62
category#android.intent.category.LAUNCHER
ADDED from AndroidStudioProjects\android\AndroidManifest.xml:55:13-73
	android:name
		ADDED from AndroidStudioProjects\android\AndroidManifest.xml:55:23-70
meta-data#android.support.VERSION
ADDED from [com.android.support:design:25.4.0] AndroidManifest.xml:26:9-28:38
MERGED from [com.android.support:appcompat-v7:25.4.0] AndroidManifest.xml:26:9-28:38
MERGED from [com.android.support:appcompat-v7:25.4.0] AndroidManifest.xml:26:9-28:38
MERGED from [com.android.support:transition:25.4.0] AndroidManifest.xml:23:9-25:38
MERGED from [com.android.support:transition:25.4.0] AndroidManifest.xml:23:9-25:38
MERGED from [com.android.support:support-v4:25.4.0] AndroidManifest.xml:26:9-28:38
MERGED from [com.android.support:support-v4:25.4.0] AndroidManifest.xml:26:9-28:38
MERGED from [com.android.support:recyclerview-v7:25.4.0] AndroidManifest.xml:23:9-25:38
MERGED from [com.android.support:recyclerview-v7:25.4.0] AndroidManifest.xml:23:9-25:38
MERGED from [com.android.support:support-fragment:25.4.0] AndroidManifest.xml:26:9-28:38
MERGED from [com.android.support:support-fragment:25.4.0] AndroidManifest.xml:26:9-28:38
MERGED from [com.android.support:support-media-compat:25.4.0] AndroidManifest.xml:26:9-28:38
MERGED from [com.android.support:support-media-compat:25.4.0] AndroidManifest.xml:26:9-28:38
MERGED from [com.android.support:support-core-utils:25.4.0] AndroidManifest.xml:26:9-28:38
MERGED from [com.android.support:support-core-utils:25.4.0] AndroidManifest.xml:26:9-28:38
MERGED from [com.android.support:animated-vector-drawable:25.4.0] AndroidManifest.xml:23:9-25:38
MERGED from [com.android.support:animated-vector-drawable:25.4.0] AndroidManifest.xml:23:9-25:38
MERGED from [com.android.support:support-core-ui:25.4.0] AndroidManifest.xml:26:9-28:38
MERGED from [com.android.support:support-core-ui:25.4.0] AndroidManifest.xml:26:9-28:38
MERGED from [com.android.support:support-vector-drawable:25.4.0] AndroidManifest.xml:23:9-25:38
MERGED from [com.android.support:support-vector-drawable:25.4.0] AndroidManifest.xml:23:9-25:38
MERGED from [com.android.support:support-compat:25.4.0] AndroidManifest.xml:26:9-28:38
MERGED from [com.android.support:support-compat:25.4.0] AndroidManifest.xml:26:9-28:38
	android:value
		ADDED from [com.android.support:design:25.4.0] AndroidManifest.xml:28:13-35
	android:name
		ADDED from [com.android.support:design:25.4.0] AndroidManifest.xml:27:13-51